# JRE version: Java(TM) SE Runtime Environment (10.0.2+13) (build 10.0.2+13)
# Java VM: Java HotSpot(TM) 64-Bit Server VM (10.0.2+13, mixed mode, tiered, compressed oops, g1 gc, windows-amd64)
Heap:
 garbage-first heap   total 157696K, used 22284K [0x0000000080e00000, 0x0000000100000000)
  region size 1024K, 2 young (2048K), 2 survivors (2048K)
 Metaspace       used 34776K, capacity 35775K, committed 35920K, reserved 1081344K
  class space    used 4203K, capacity 4638K, committed 4688K, reserved 1048576K
GC Heap History (10 events):
Event: 3.889 GC heap after
{Heap after GC invocations=5 (full 0):
 garbage-first heap   total 131072K, used 9958K [0x0000000080e00000, 0x0000000100000000)
  region size 1024K, 3 young (3072K), 3 survivors (3072K)
 Metaspace       used 18781K, capacity 19301K, committed 19456K, reserved 1067008K
  class space    used 2062K, capacity 2285K, committed 2304K, reserved 1048576K
}
Event: 4.196 GC heap before
{Heap before GC invocations=5 (full 0):
 garbage-first heap   total 131072K, used 23270K [0x0000000080e00000, 0x0000000100000000)
  region size 1024K, 17 young (17408K), 3 survivors (3072K)
 Metaspace       used 20629K, capacity 21186K, committed 21296K, reserved 1069056K
  class space    used 2395K, capacity 2656K, committed 2688K, reserved 1048576K
}
Event: 4.202 GC heap after
{Heap after GC invocations=6 (full 0):
 garbage-first heap   total 131072K, used 10690K [0x0000000080e00000, 0x0000000100000000)
  region size 1024K, 4 young (4096K), 4 survivors (4096K)
 Metaspace       used 20629K, capacity 21186K, committed 21296K, reserved 1069056K
  class space    used 2395K, capacity 2656K, committed 2688K, reserved 1048576K
}
Event: 5.251 GC heap before
{Heap before GC invocations=7 (full 0):
 garbage-first heap   total 131072K, used 74178K [0x0000000080e00000, 0x0000000100000000)
  region size 1024K, 66 young (67584K), 4 survivors (4096K)
 Metaspace       used 28081K, capacity 28865K, committed 29056K, reserved 1075200K
  class space    used 3313K, capacity 3650K, committed 3712K, reserved 1048576K
}
Event: 5.261 GC heap after
{Heap after GC invocations=8 (full 0):
 garbage-first heap   total 131072K, used 13508K [0x0000000080e00000, 0x0000000100000000)
  region size 1024K, 6 young (6144K), 6 survivors (6144K)
 Metaspace       used 28081K, capacity 28865K, committed 29056K, reserved 1075200K
  class space    used 3313K, capacity 3650K, committed 3712K, reserved 1048576K
}
Event: 5.862 GC heap before
{Heap before GC invocations=8 (full 0):
 garbage-first heap   total 131072K, used 85188K [0x0000000080e00000, 0x0000000100000000)
  region size 1024K, 76 young (77824K), 6 survivors (6144K)
 Metaspace       used 30629K, capacity 31550K, committed 31744K, reserved 1077248K
  class space    used 3662K, capacity 4017K, committed 4096K, reserved 1048576K
}
Event: 5.873 GC heap after
{Heap after GC invocations=9 (full 0):
 garbage-first heap   total 131072K, used 15561K [0x0000000080e00000, 0x0000000100000000)
  region size 1024K, 7 young (7168K), 7 survivors (7168K)
 Metaspace       used 30629K, capacity 31550K, committed 31744K, reserved 1077248K
  class space    used 3662K, capacity 4017K, committed 4096K, reserved 1048576K
}
Event: 6.544 GC heap before
{Heap before GC invocations=9 (full 0):
 garbage-first heap   total 131072K, used 86217K [0x0000000080e00000, 0x0000000100000000)
  region size 1024K, 76 young (77824K), 7 survivors (7168K)
 Metaspace       used 34691K, capacity 35696K, committed 35920K, reserved 1081344K
  class space    used 4195K, capacity 4633K, committed 4688K, reserved 1048576K
}
Event: 6.560 GC heap after
{Heap after GC invocations=10 (full 0):
 garbage-first heap   total 131072K, used 20864K [0x0000000080e00000, 0x0000000100000000)
  region size 1024K, 10 young (10240K), 10 survivors (10240K)
 Metaspace       used 34691K, capacity 35696K, committed 35920K, reserved 1081344K
  class space    used 4195K, capacity 4633K, committed 4688K, reserved 1048576K
}
Event: 6.621 GC heap before
{Heap before GC invocations=10 (full 0):
 garbage-first heap   total 131072K, used 62848K [0x0000000080e00000, 0x0000000100000000)
  region size 1024K, 52 young (53248K), 10 survivors (10240K)
 Metaspace       used 34776K, capacity 35775K, committed 35920K, reserved 1081344K
  class space    used 4203K, capacity 4638K, committed 4688K, reserved 1048576K
}

